Screenshot 12: dnsperf light
============================================================
dnsperf light (local names only, -c 2 -l 10)
WSL: cd /mnt/c/projects/DNS-Relay-Server && bash scripts/run_dnsperf.sh light

Starting dnsrelay on 127.0.0.1:15353 ...

$ dnsperf -s 127.0.0.1 -p 15353 -d /mnt/c/projects/DNS-Relay-Server/docs/verification/dnsrelay-queries.txt -c 2 -l 10
========== dnsperf ==========
DNS Performance Testing Tool
Version 2.14.0

[Status] Command line: dnsperf -s 127.0.0.1 -p 15353 -d /mnt/c/projects/DNS-Relay-Server/docs/verification/dnsrelay-queries.txt -c 2 -l 10
[Status] Sending queries (to 127.0.0.1:15353)
[Status] Started at: Wed Jun 10 22:52:42 2026
[Status] Stopping after 10.000000 seconds
[Status] Testing complete (time limit)

Statistics:

  Queries sent:         324646
  Queries completed:    324646 (100.00%)
  Queries lost:         0 (0.00%)

  Response codes:       NOERROR 324646 (100.00%)
  Average packet size:  request 22, response 38
  Run time (s):         10.003509
  Queries per second:   32453.212168

  Average Latency (s):  0.003049 (min 0.000086, max 0.012082)
  Latency StdDev (s):   0.002327

============================
[Status] Testing complete
